<?xml version="1.0" encoding="UTF-8"?>
<testng-results ignored="0" total="1" passed="1" failed="0" skipped="0">
  <reporter-output>
  </reporter-output>
  <suite started-at="2022-09-05T16:17:58Z" name="Default suite" finished-at="2022-09-05T16:18:16Z" duration-ms="18149">
    <groups>
    </groups>
    <test started-at="2022-09-05T16:17:58Z" name="Default test" finished-at="2022-09-05T16:18:16Z" duration-ms="18149">
      <class name="prueba.NewTestSel">
        <test-method signature="testsel()[pri:0, instance:prueba.NewTestSel@59cba5a]" started-at="2022-09-05T13:17:58Z" name="testsel" finished-at="2022-09-05T13:18:16Z" duration-ms="18132" status="PASS">
          <reporter-output>
          </reporter-output>
        </test-method> <!-- testsel -->
      </class> <!-- prueba.NewTestSel -->
    </test> <!-- Default test -->
  </suite> <!-- Default suite -->
</testng-results>
